#
# A fatal error has been detected by the Java Runtime Environment:
#
#  EXCEPTION_ACCESS_VIOLATION (0xc0000005) at pc=0x0000020de4e705ac, pid=15100, tid=12284
#
# JRE version: Java(TM) SE Runtime Environment (18.0.1.1+2) (build 18.0.1.1+2-6)
# Java VM: Java HotSpot(TM) 64-Bit Server VM (18.0.1.1+2-6, mixed mode, sharing, tiered, compressed oops, compressed class ptrs, g1 gc, windows-amd64)
# Problematic frame:
# v  ~BufferBlob::MethodHandles adapters
#
# No core dump will be written. Minidumps are not enabled by default on client versions of Windows
#
# If you would like to submit a bug report, please visit:
#   https://bugreport.java.com/bugreport/crash.jsp
#

---------------  S U M M A R Y ------------

Command Line: -XX:+ShowCodeDetailsInExceptionMessages -agentlib:jdwp=transport=dt_socket,suspend=y,address=localhost:53193 -javaagent:C:\Users\SHIVARAJ\eclipse-jee-2022-06-R-win32-x86_64\eclipse\configuration\org.eclipse.osgi\407\0\.cp\lib\javaagent-shaded.jar -Dfile.encoding=UTF-8 com.libFirstApi.Lib.LibApplication

Host: Intel(R) Core(TM) i3-6006U CPU @ 2.00GHz, 4 cores, 7G,  Windows 10 , 64 bit Build 19041 (10.0.19041.1889)
Time: Tue Aug 23 18:39:58 2022 India Standard Time elapsed time: 1567.317313 seconds (0d 0h 26m 7s)

---------------  T H R E A D  ---------------

Current thread (0x0000020d847acda0):  JavaThread "restartedMain" [_thread_in_Java, id=12284, stack(0x0000003104b00000,0x0000003104c00000)]

Stack: [0x0000003104b00000,0x0000003104c00000],  sp=0x0000003104bfdfe8,  free space=1015k
Native frames: (J=compiled Java code, j=interpreted, Vv=VM code, C=native code)
C  0x0000020de4e705ac


siginfo: EXCEPTION_ACCESS_VIOLATION (0xc0000005), reading address 0xffffffffffffffff


Register to memory mapping:

RIP=0x0000020de4e705ac is at begin+68 in a stub
MethodHandle::interpreter_entry::_linkToSpecial [0x0000020de4e70568, 0x0000020de4e705b7] (79 bytes)
RAX=0x0000020de4e39efa is at code_begin+3482 in an Interpreter codelet
return entry points  [0x0000020de4e39160, 0x0000020de4e3b380]  8736 bytes
RBX=0x86f04d9800000000 is an unknown value
RCX=0x0000003104bfdff0 is pointing into the stack for thread: 0x0000020d847acda0
RDX=0x0000000000000002 is an unknown value
RSP=0x0000003104bfdfe8 is pointing into the stack for thread: 0x0000020d847acda0
RBP=0x0000003104bfe038 is pointing into the stack for thread: 0x0000020d847acda0
RSI=0x0000020dff100cf8 points into unknown readable memory: 0x80001a00361d959a | 9a 95 1d 36 00 1a 00 80
RDI=0x0000020d8487d340 points into unknown readable memory: 0x0000001800000070 | 70 00 00 00 18 00 00 00
R8 =0x0000000000000004 is an unknown value
R9 =0x0000000000000004 is an unknown value
R10=0x0000000800000000 is pointing into metadata
R11={method} {0x00000008000c8c38} 'newInvokeSpecial' '(Ljava/lang/Object;)Ljava/lang/Object;' in 'java/lang/invoke/DirectMethodHandle$Holder'
R12=0x0 is NULL
R13=0x0000003104bfdfe8 is pointing into the stack for thread: 0x0000020d847acda0
R14=0x0000003104bfe058 is pointing into the stack for thread: 0x0000020d847acda0
R15=0x0000020d847acda0 is a thread


Registers:
RAX=0x0000020de4e39efa, RBX=0x86f04d9800000000, RCX=0x0000003104bfdff0, RDX=0x0000000000000002
RSP=0x0000003104bfdfe8, RBP=0x0000003104bfe038, RSI=0x0000020dff100cf8, RDI=0x0000020d8487d340
R8 =0x0000000000000004, R9 =0x0000000000000004, R10=0x0000000800000000, R11=0x00000008000c8c30
R12=0x0000000000000000, R13=0x0000003104bfdfe8, R14=0x0000003104bfe058, R15=0x0000020d847acda0
RIP=0x0000020de4e705ac, EFLAGS=0x0000000000010202

Top of Stack: (sp=0x0000003104bfdfe8)
0x0000003104bfdfe8:   0000020de4e39efa 0000003104bfdff0
0x0000003104bfdff8:   00000008006decaf 0000003104bfe058
0x0000003104bfe008:   00000008000c49e8 0000020dfb7b0138
0x0000003104bfe018:   00000000825ee2a0 00000008000c8c30
0x0000003104bfe028:   0000003104bfdfe8 0000003104bfe060
0x0000003104bfe038:   0000003104bfe3f8 0000020de575e936
0x0000003104bfe048:   0000000086f04ca0 0000000086f04d48
0x0000003104bfe058:   0000000086f04d00 0000020d833b3610
0x0000003104bfe068:   00007ffa01e4d4c5 0000003104bfe3f8
0x0000003104bfe078:   0000020de5e267fc 0000000000000002
0x0000003104bfe088:   0000020d847acda0 0000020d833b3610
0x0000003104bfe098:   00007ffa01e4d4c5 0000000000000000
0x0000003104bfe0a8:   0000000086f04af0 0000000000000001
0x0000003104bfe0b8:   0000020de5a8b302 0000000086f04af0
0x0000003104bfe0c8:   0000020d847acda0 0000000000000002
0x0000003104bfe0d8:   00007ffa019e4e07 0000000086f04a78 

Instructions: (pc=0x0000020de4e705ac)
0x0000020de4e704ac:   8b 59 14 8b 5b 28 8b 5b 24 48 8b 5b 10 48 85 db
0x0000020de4e704bc:   0f 84 10 00 00 00 41 80 bf 80 04 00 00 00 74 03
0x0000020de4e704cc:   ff 63 38 ff 63 50 e9 29 16 00 00 66 0f 1f 84 00
0x0000020de4e704dc:   00 00 00 00 48 8b 53 08 0f b7 52 2c 48 8b 0c d4
0x0000020de4e704ec:   58 5b 50 44 8b 51 08 49 bb 00 00 00 00 08 00 00
0x0000020de4e704fc:   00 4d 03 d3 4c 8b 5b 10 4b 8b 9c da b8 01 00 00
0x0000020de4e7050c:   48 85 db 0f 84 10 00 00 00 41 80 bf 80 04 00 00
0x0000020de4e7051c:   00 74 03 ff 63 38 ff 63 50 e9 d6 15 00 00 66 66
0x0000020de4e7052c:   66 0f 1f 84 00 00 00 00 00 66 66 66 90 0f 1f 80
0x0000020de4e7053c:   00 00 00 00 58 5b 50 8b 5b 24 48 8b 5b 10 48 85
0x0000020de4e7054c:   db 0f 84 10 00 00 00 41 80 bf 80 04 00 00 00 74
0x0000020de4e7055c:   03 ff 63 38 ff 63 50 e9 98 15 00 00 66 66 66 0f
0x0000020de4e7056c:   1f 84 00 00 00 00 00 66 66 66 90 66 0f 1f 84 00
0x0000020de4e7057c:   00 00 00 00 48 8b 53 08 0f b7 52 2c 48 8b 0c d4
0x0000020de4e7058c:   58 5b 50 48 3b 01 8b 5b 24 48 8b 5b 10 48 85 db
0x0000020de4e7059c:   0f 84 10 00 00 00 41 80 bf 80 04 00 00 00 74 03
0x0000020de4e705ac:   ff 63 38 ff 63 50 e9 49 15 00 00 66 0f 1f 84 00
0x0000020de4e705bc:   00 00 00 00 48 8b 53 08 0f b7 52 2c 48 8b 0c d4
0x0000020de4e705cc:   58 5b 50 44 8b 51 08 49 bb 00 00 00 00 08 00 00
0x0000020de4e705dc:   00 4d 03 d3 8b 43 18 48 8b 40 10 48 8b 5b 10 45
0x0000020de4e705ec:   8b 9a a0 00 00 00 4f 8d 9c da b8 01 00 00 4d 8d
0x0000020de4e705fc:   14 da 49 8b 1b 48 3b c3 74 15 48 85 db 0f 84 32
0x0000020de4e7060c:   00 00 00 49 83 c3 10 49 8b 1b 48 3b c3 75 eb 45
0x0000020de4e7061c:   8b 5b 08 4b 8b 1c 1a 48 85 db 0f 84 10 00 00 00
0x0000020de4e7062c:   41 80 bf 80 04 00 00 00 74 03 ff 63 38 ff 63 50
0x0000020de4e7063c:   e9 bf 14 00 00 e9 ba 11 00 00 f4 00 00 00 00 00
0x0000020de4e7064c:   00 00 00 00 00 00 00 00 00 00 00 00 00 00 00 00
0x0000020de4e7065c:   00 00 00 00 00 00 00 00 00 00 00 00 00 00 00 00
0x0000020de4e7066c:   00 00 00 00 00 00 00 00 00 00 00 00 00 00 00 00
0x0000020de4e7067c:   00 00 00 00 00 00 00 00 00 00 00 00 00 00 00 00
0x0000020de4e7068c:   00 00 00 00 00 00 00 00 00 00 00 00 00 00 00 00
0x0000020de4e7069c:   00 00 00 00 00 00 00 00 00 00 00 00 00 00 00 00 


Stack slot to memory mapping:
stack at sp + 0 slots: 0x0000020de4e39efa is at code_begin+3482 in an Interpreter codelet
return entry points  [0x0000020de4e39160, 0x0000020de4e3b380]  8736 bytes
stack at sp + 1 slots: 0x0000003104bfdff0 is pointing into the stack for thread: 0x0000020d847acda0
stack at sp + 2 slots: 0x00000008006decaf is pointing into metadata
stack at sp + 3 slots: 0x0000003104bfe058 is pointing into the stack for thread: 0x0000020d847acda0
stack at sp + 4 slots: 0x00000008000c49e8 is pointing into metadata
stack at sp + 5 slots: 0x0000020dfb7b0138 is pointing into metadata
stack at sp + 6 slots: 0x00000000825ee2a0 is an oop: java.lang.Class 
{0x00000000825ee2a0} - klass: 'java/lang/Class'
 - ---- fields (total size 14 words):
 - private volatile transient 'classRedefinedCount' 'I' @12  0
 - abstract internal 'klass' 'J' @16  34360542728 (c4608 8)
 - abstract internal 'array_klass' 'J' @24  0 (0 0)
 - abstract internal 'oop_size' 'I' @32  14 (e)
 - abstract internal 'static_oop_field_count' 'I' @36  0
 - private volatile transient 'cachedConstructor' 'Ljava/lang/reflect/Constructor;' @40  NULL (0)
 - private transient 'name' 'Ljava/lang/String;' @44  NULL (0)
 - private transient 'module' 'Ljava/lang/Module;' @48  a 'java/lang/Module'{0x00000000824eca00} (824eca00)
 - private final 'classLoader' 'Ljava/lang/ClassLoader;' @52  NULL (0)
 - private transient 'classData' 'Ljava/lang/Object;' @56  NULL (0)
 - private transient 'packageName' 'Ljava/lang/String;' @60  NULL (0)
 - private final 'componentType' 'Ljava/lang/Class;' @64  NULL (0)
 - private volatile transient 'reflectionData' 'Ljava/lang/ref/SoftReference;' @68  NULL (0)
 - private volatile transient 'genericInfo' 'Lsun/reflect/generics/repository/ClassRepository;' @72  NULL (0)
 - private volatile transient 'enumConstants' '[Ljava/lang/Object;' @76  NULL (0)
 - private volatile transient 'enumConstantDirectory' 'Ljava/util/Map;' @80  NULL (0)
 - private volatile transient 'annotationData' 'Ljava/lang/Class$AnnotationData;' @84  NULL (0)
 - private volatile transient 'annotationType' 'Lsun/reflect/annotation/AnnotationType;' @88  NULL (0)
 - transient 'classValueMap' 'Ljava/lang/ClassValue$ClassValueMap;' @92  NULL (0)
 - abstract internal 'protection_domain' 'Ljava/lang/Object;' @96  NULL (0)
 - abstract internal 'signers_name' 'Ljava/lang/Object;' @100  NULL (0)
 - abstract internal 'source_file' 'Ljava/lang/Object;' @104  NULL (0)
 - signature: Ljava/lang/invoke/DirectMethodHandle$Holder;
 - ---- static fields (0):
stack at sp + 7 slots: {method} {0x00000008000c8c38} 'newInvokeSpecial' '(Ljava/lang/Object;)Ljava/lang/Object;' in 'java/lang/invoke/DirectMethodHandle$Holder'

MethodHandle::interpreter_entry::_linkToSpecial [0x0000020de4e70568, 0x0000020de4e705b7] (79 bytes)
[MachCode]
  0x0000020de4e70568: 6666 660f | 1f84 0000 | 0000 0066 | 6666 9066 | 0f1f 8400 | 0000 0000 | 488b 5308 | 0fb7 522c 
  0x0000020de4e70588: 488b 0cd4 | 585b 5048 | 3b01 8b5b | 2448 8b5b | 1048 85db | 0f84 1000 | 0000 4180 | bf80 0400 
  0x0000020de4e705a8: 0000 7403 | ff63 38ff | 6350 e949 | 
[/MachCode]

---------------  P R O C E S S  ---------------

Threads class SMR info:
_java_thread_list=0x0000020d817fba00, length=24, elements={
0x0000020dfad61da0, 0x0000020dfad655c0, 0x0000020dfad7ec20, 0x0000020dfad7fc70,
0x0000020dfad80520, 0x0000020dfad816b0, 0x0000020dfad880c0, 0x0000020dfad88ee0,
0x0000020dfadf3eb0, 0x0000020dff026fa0, 0x0000020dff103b60, 0x0000020dff10e730,
0x0000020dff10ec10, 0x0000020dff8e08a0, 0x0000020d8183d570, 0x0000020d80bdbaf0,
0x0000020d80bd9470, 0x0000020d847ac400, 0x0000020d847a80a0, 0x0000020d847acda0,
0x0000020d847ae5b0, 0x0000020d847a7700, 0x0000020d847a8570, 0x0000020d847aef50
}

Java Threads: ( => current thread )
  0x0000020dfad61da0 JavaThread "Reference Handler" daemon [_thread_blocked, id=3444, stack(0x0000003104100000,0x0000003104200000)]
  0x0000020dfad655c0 JavaThread "Finalizer" daemon [_thread_blocked, id=16352, stack(0x0000003104200000,0x0000003104300000)]
  0x0000020dfad7ec20 JavaThread "Signal Dispatcher" daemon [_thread_blocked, id=5104, stack(0x0000003104300000,0x0000003104400000)]
  0x0000020dfad7fc70 JavaThread "Attach Listener" daemon [_thread_blocked, id=4872, stack(0x0000003104400000,0x0000003104500000)]
  0x0000020dfad80520 JavaThread "Service Thread" daemon [_thread_blocked, id=8848, stack(0x0000003104500000,0x0000003104600000)]
  0x0000020dfad816b0 JavaThread "Monitor Deflation Thread" daemon [_thread_blocked, id=1408, stack(0x0000003104600000,0x0000003104700000)]
  0x0000020dfad880c0 JavaThread "C2 CompilerThread0" daemon [_thread_blocked, id=9232, stack(0x0000003104700000,0x0000003104800000)]
  0x0000020dfad88ee0 JavaThread "C1 CompilerThread0" daemon [_thread_blocked, id=15936, stack(0x0000003104800000,0x0000003104900000)]
  0x0000020dfadf3eb0 JavaThread "Sweeper thread" daemon [_thread_blocked, id=8012, stack(0x0000003104900000,0x0000003104a00000)]
  0x0000020dff026fa0 JavaThread "Common-Cleaner" daemon [_thread_blocked, id=2060, stack(0x0000003104a00000,0x0000003104b00000)]
  0x0000020dff103b60 JavaThread "JDWP Transport Listener: dt_socket" daemon [_thread_blocked, id=2552, stack(0x0000003104c00000,0x0000003104d00000)]
  0x0000020dff10e730 JavaThread "JDWP Event Helper Thread" daemon [_thread_blocked, id=13156, stack(0x0000003104d00000,0x0000003104e00000)]
  0x0000020dff10ec10 JavaThread "JDWP Command Reader" daemon [_thread_in_native, id=5144, stack(0x0000003104e00000,0x0000003104f00000)]
  0x0000020dff8e08a0 JavaThread "Notification Thread" daemon [_thread_blocked, id=16036, stack(0x0000003105000000,0x0000003105100000)]
  0x0000020d8183d570 JavaThread "mysql-cj-abandoned-connection-cleanup" daemon [_thread_blocked, id=12052, stack(0x0000003105b00000,0x0000003105c00000)]
  0x0000020d80bdbaf0 JavaThread "Live Reload Server" daemon [_thread_in_native, id=14368, stack(0x0000003105600000,0x0000003105700000)]
  0x0000020d80bd9470 JavaThread "http-nio-8080-exec-5" daemon [_thread_blocked, id=15164, stack(0x0000003106400000,0x0000003106500000)]
  0x0000020d847ac400 JavaThread "DestroyJavaVM" [_thread_blocked, id=7480, stack(0x0000003103a00000,0x0000003103b00000)]
  0x0000020d847a80a0 JavaThread "Thread-5" [_thread_blocked, id=11224, stack(0x0000003103800000,0x0000003103900000)]
=>0x0000020d847acda0 JavaThread "restartedMain" [_thread_in_Java, id=12284, stack(0x0000003104b00000,0x0000003104c00000)]
  0x0000020d847ae5b0 JavaThread "HikariPool-2 housekeeper" daemon [_thread_blocked, id=12996, stack(0x0000003105700000,0x0000003105800000)]
  0x0000020d847a7700 JavaThread "Catalina-utility-1" [_thread_blocked, id=9888, stack(0x0000003105900000,0x0000003105a00000)]
  0x0000020d847a8570 JavaThread "Catalina-utility-2" [_thread_blocked, id=8692, stack(0x0000003105a00000,0x0000003105b00000)]
  0x0000020d847aef50 JavaThread "container-0" [_thread_blocked, id=13604, stack(0x0000003105c00000,0x0000003105d00000)]

Other Threads:
  0x0000020dfad5e6f0 VMThread "VM Thread" [stack: 0x0000003104000000,0x0000003104100000] [id=15944] _threads_hazard_ptr=0x0000020d817fba00
  0x0000020dffa4e580 WatcherThread "VM Periodic Task Thread" [stack: 0x0000003105100000,0x0000003105200000] [id=12408]
  0x0000020ddb3bb870 WorkerThread "GC Thread#0" [stack: 0x0000003103b00000,0x0000003103c00000] [id=5232]
  0x0000020dff163e60 WorkerThread "GC Thread#1" [stack: 0x0000003104f00000,0x0000003105000000] [id=12836]
  0x0000020dff179a60 WorkerThread "GC Thread#2" [stack: 0x0000003105200000,0x0000003105300000] [id=14876]
  0x0000020dff1e1f00 WorkerThread "GC Thread#3" [stack: 0x0000003105300000,0x0000003105400000] [id=5260]
  0x0000020ddb3bd350 ConcurrentGCThread "G1 Main Marker" [stack: 0x0000003103c00000,0x0000003103d00000] [id=15448]
  0x0000020ddb3be2f0 WorkerThread "G1 Conc#0" [stack: 0x0000003103d00000,0x0000003103e00000] [id=10532]
  0x0000020ddd5aa9e0 ConcurrentGCThread "G1 Refine#0" [stack: 0x0000003103e00000,0x0000003103f00000] [id=10616]
  0x0000020dff162b60 ConcurrentGCThread "G1 Refine#1" [stack: 0x0000003105400000,0x0000003105500000] [id=10816]
  0x0000020d80c5aff0 ConcurrentGCThread "G1 Refine#2" [stack: 0x0000003105800000,0x0000003105900000] [id=15476]
  0x0000020ddd5ab9a0 ConcurrentGCThread "G1 Service" [stack: 0x0000003103f00000,0x0000003104000000] [id=9932]

Threads with active compile tasks:

VM state: synchronizing (normal execution)

VM Mutex/Monitor currently owned by a thread:  ([mutex/lock_event])
[0x0000020ddd4faa80] Threads_lock - owner thread: 0x0000020dfad5e6f0

Heap address: 0x0000000082000000, size: 2016 MB, Compressed Oops mode: 32-bit

CDS archive(s) mapped at: [0x0000000800000000-0x0000000800ba0000-0x0000000800ba0000), size 12189696, SharedBaseAddress: 0x0000000800000000, ArchiveRelocationMode: 0.
Compressed class space mapped at: 0x0000000800c00000-0x0000000840c00000, reserved size: 1073741824
Narrow klass base: 0x0000000800000000, Narrow klass shift: 0, Narrow klass range: 0x100000000

GC Precious Log:
 CardTable entry size: 512
 Card Set container configuration: InlinePtr #cards 5 size 8 Array Of Cards #cards 12 size 40 Howl #buckets 4 coarsen threshold 1843 Howl Bitmap #cards 512 size 80 coarsen threshold 460 Card regions per heap region 1 cards per card region 2048
 CPUs: 4 total, 4 available
 Memory: 8057M
 Large Page Support: Disabled
 NUMA Support: Disabled
 Compressed Oops: Enabled (32-bit)
 Heap Region Size: 1M
 Heap Min Capacity: 8M
 Heap Initial Capacity: 126M
 Heap Max Capacity: 2016M
 Pre-touch: Disabled
 Parallel Workers: 4
 Concurrent Workers: 1
 Concurrent Refinement Workers: 4
 Periodic GC: Disabled

Heap:
 garbage-first heap   total 81920K, used 27297K [0x0000000082000000, 0x0000000100000000)
  region size 1024K, 5 young (5120K), 4 survivors (4096K)
 Metaspace       used 64455K, committed 64896K, reserved 1114112K
  class space    used 8238K, committed 8448K, reserved 1048576K

Heap Regions: E=young(eden), S=young(survivor), O=old, HS=humongous(starts), HC=humongous(continues), CS=collection set, F=free, OA=open archive, CA=closed archive, TAMS=top-at-mark-start (previous, next)
|   0|0x0000000082000000, 0x0000000082100000, 0x0000000082100000|100%|HS|  |TAMS 0x0000000082100000, 0x0000000082000000| Untracked 
|   1|0x0000000082100000, 0x0000000082200000, 0x0000000082200000|100%| O|  |TAMS 0x0000000082100000, 0x0000000082100000| Untracked 
|   2|0x0000000082200000, 0x0000000082300000, 0x0000000082300000|100%| O|  |TAMS 0x0000000082300000, 0x0000000082200000| Untracked 
|   3|0x0000000082300000, 0x0000000082400000, 0x0000000082400000|100%| O|  |TAMS 0x0000000082300000, 0x0000000082300000| Untracked 
|   4|0x0000000082400000, 0x0000000082500000, 0x0000000082500000|100%| O|  |TAMS 0x0000000082500000, 0x0000000082400000| Untracked 
|   5|0x0000000082500000, 0x0000000082600000, 0x0000000082600000|100%| O|  |TAMS 0x0000000082600000, 0x0000000082500000| Untracked 
|   6|0x0000000082600000, 0x00000000826ffff0, 0x0000000082700000| 99%| O|  |TAMS 0x0000000082600000, 0x0000000082600000| Untracked 
|   7|0x0000000082700000, 0x00000000827fffc8, 0x0000000082800000| 99%| O|  |TAMS 0x0000000082700000, 0x0000000082700000| Untracked 
|   8|0x0000000082800000, 0x00000000828fffe8, 0x0000000082900000| 99%| O|  |TAMS 0x0000000082800000, 0x0000000082800000| Untracked 
|   9|0x0000000082900000, 0x00000000829f9b28, 0x0000000082a00000| 97%| O|  |TAMS 0x0000000082900000, 0x0000000082900000| Untracked 
|  10|0x0000000082a00000, 0x0000000082b00000, 0x0000000082b00000|100%| O|  |TAMS 0x0000000082a00000, 0x0000000082a00000| Untracked 
|  11|0x0000000082b00000, 0x0000000082bfffe8, 0x0000000082c00000| 99%| O|  |TAMS 0x0000000082b00000, 0x0000000082b00000| Untracked 
|  12|0x0000000082c00000, 0x0000000082cffff8, 0x0000000082d00000| 99%| O|  |TAMS 0x0000000082c00000, 0x0000000082c00000| Untracked 
|  13|0x0000000082d00000, 0x0000000082dfffe8, 0x0000000082e00000| 99%| O|  |TAMS 0x0000000082d00000, 0x0000000082d00000| Untracked 
|  14|0x0000000082e00000, 0x0000000082efe988, 0x0000000082f00000| 99%| O|  |TAMS 0x0000000082e00000, 0x0000000082e00000| Untracked 
|  15|0x0000000082f00000, 0x0000000082fffff8, 0x0000000083000000| 99%| O|  |TAMS 0x0000000082f00000, 0x0000000082f00000| Untracked 
|  16|0x0000000083000000, 0x0000000083100000, 0x0000000083100000|100%| O|  |TAMS 0x0000000083100000, 0x0000000083000000| Untracked 
|  17|0x0000000083100000, 0x00000000831ffba0, 0x0000000083200000| 99%| O|  |TAMS 0x0000000083100000, 0x0000000083100000| Untracked 
|  18|0x0000000083200000, 0x00000000832fff48, 0x0000000083300000| 99%| O|  |TAMS 0x0000000083200000, 0x0000000083200000| Untracked 
|  19|0x0000000083300000, 0x00000000833ffff0, 0x0000000083400000| 99%| O|  |TAMS 0x0000000083300000, 0x0000000083300000| Untracked 
|  20|0x0000000083400000, 0x00000000834ea398, 0x0000000083500000| 91%| O|  |TAMS 0x0000000083400000, 0x0000000083400000| Untracked 
|  21|0x0000000083500000, 0x0000000083600000, 0x0000000083600000|100%| O|  |TAMS 0x0000000083600000, 0x0000000083500000| Untracked 
|  22|0x0000000083600000, 0x00000000836e8830, 0x0000000083700000| 90%| O|  |TAMS 0x0000000083600000, 0x0000000083600000| Untracked 
|  23|0x0000000083700000, 0x00000000837bdb38, 0x0000000083800000| 74%| O|  |TAMS 0x0000000083700000, 0x0000000083700000| Untracked 
|  24|0x0000000083800000, 0x0000000083800000, 0x0000000083900000|  0%| F|  |TAMS 0x0000000083800000, 0x0000000083800000| Untracked 
|  25|0x0000000083900000, 0x0000000083900000, 0x0000000083a00000|  0%| F|  |TAMS 0x0000000083900000, 0x0000000083900000| Untracked 
|  26|0x0000000083a00000, 0x0000000083a00000, 0x0000000083b00000|  0%| F|  |TAMS 0x0000000083a00000, 0x0000000083a00000| Untracked 
|  27|0x0000000083b00000, 0x0000000083b00000, 0x0000000083c00000|  0%| F|  |TAMS 0x0000000083b00000, 0x0000000083b00000| Untracked 
|  28|0x0000000083c00000, 0x0000000083c00000, 0x0000000083d00000|  0%| F|  |TAMS 0x0000000083c00000, 0x0000000083c00000| Untracked 
|  29|0x0000000083d00000, 0x0000000083d00000, 0x0000000083e00000|  0%| F|  |TAMS 0x0000000083d00000, 0x0000000083d00000| Untracked 
|  30|0x0000000083e00000, 0x0000000083e00000, 0x0000000083f00000|  0%| F|  |TAMS 0x0000000083e00000, 0x0000000083e00000| Untracked 
|  31|0x0000000083f00000, 0x0000000083f00000, 0x0000000084000000|  0%| F|  |TAMS 0x0000000083f00000, 0x0000000083f00000| Untracked 
|  32|0x0000000084000000, 0x0000000084000000, 0x0000000084100000|  0%| F|  |TAMS 0x0000000084000000, 0x0000000084000000| Untracked 
|  33|0x0000000084100000, 0x00000000841200f0, 0x0000000084200000| 12%| S|CS|TAMS 0x0000000084100000, 0x0000000084100000| Complete 
|  34|0x0000000084200000, 0x0000000084300000, 0x0000000084300000|100%| S|CS|TAMS 0x0000000084200000, 0x0000000084200000| Complete 
|  35|0x0000000084300000, 0x0000000084400000, 0x0000000084400000|100%| S|CS|TAMS 0x0000000084300000, 0x0000000084300000| Complete 
|  36|0x0000000084400000, 0x0000000084500000, 0x0000000084500000|100%| S|CS|TAMS 0x0000000084400000, 0x0000000084400000| Complete 
|  37|0x0000000084500000, 0x0000000084500000, 0x0000000084600000|  0%| F|  |TAMS 0x0000000084500000, 0x0000000084500000| Untracked 
|  38|0x0000000084600000, 0x0000000084600000, 0x0000000084700000|  0%| F|  |TAMS 0x0000000084600000, 0x0000000084600000| Untracked 
|  39|0x0000000084700000, 0x0000000084700000, 0x0000000084800000|  0%| F|  |TAMS 0x0000000084700000, 0x0000000084700000| Untracked 
|  40|0x0000000084800000, 0x0000000084800000, 0x0000000084900000|  0%| F|  |TAMS 0x0000000084800000, 0x0000000084800000| Untracked 
|  41|0x0000000084900000, 0x0000000084900000, 0x0000000084a00000|  0%| F|  |TAMS 0x0000000084900000, 0x0000000084900000| Untracked 
|  42|0x0000000084a00000, 0x0000000084a00000, 0x0000000084b00000|  0%| F|  |TAMS 0x0000000084a00000, 0x0000000084a00000| Untracked 
|  43|0x0000000084b00000, 0x0000000084b00000, 0x0000000084c00000|  0%| F|  |TAMS 0x0000000084b00000, 0x0000000084b00000| Untracked 
|  44|0x0000000084c00000, 0x0000000084c00000, 0x0000000084d00000|  0%| F|  |TAMS 0x0000000084c00000, 0x0000000084c00000| Untracked 
|  45|0x0000000084d00000, 0x0000000084d00000, 0x0000000084e00000|  0%| F|  |TAMS 0x0000000084d00000, 0x0000000084d00000| Untracked 
|  46|0x0000000084e00000, 0x0000000084e00000, 0x0000000084f00000|  0%| F|  |TAMS 0x0000000084e00000, 0x0000000084e00000| Untracked 
|  47|0x0000000084f00000, 0x0000000084f00000, 0x0000000085000000|  0%| F|  |TAMS 0x0000000084f00000, 0x0000000084f00000| Untracked 
|  48|0x0000000085000000, 0x0000000085000000, 0x0000000085100000|  0%| F|  |TAMS 0x0000000085000000, 0x0000000085000000| Untracked 
|  49|0x0000000085100000, 0x0000000085100000, 0x0000000085200000|  0%| F|  |TAMS 0x0000000085100000, 0x0000000085100000| Untracked 
|  50|0x0000000085200000, 0x0000000085200000, 0x0000000085300000|  0%| F|  |TAMS 0x0000000085200000, 0x0000000085200000| Untracked 
|  51|0x0000000085300000, 0x0000000085300000, 0x0000000085400000|  0%| F|  |TAMS 0x0000000085300000, 0x0000000085300000| Untracked 
|  52|0x0000000085400000, 0x0000000085400000, 0x0000000085500000|  0%| F|  |TAMS 0x0000000085400000, 0x0000000085400000| Untracked 
|  53|0x0000000085500000, 0x0000000085500000, 0x0000000085600000|  0%| F|  |TAMS 0x0000000085500000, 0x0000000085500000| Untracked 
|  54|0x0000000085600000, 0x0000000085600000, 0x0000000085700000|  0%| F|  |TAMS 0x0000000085600000, 0x0000000085600000| Untracked 
|  55|0x0000000085700000, 0x0000000085700000, 0x0000000085800000|  0%| F|  |TAMS 0x0000000085700000, 0x0000000085700000| Untracked 
|  56|0x0000000085800000, 0x0000000085800000, 0x0000000085900000|  0%| F|  |TAMS 0x0000000085800000, 0x0000000085800000| Untracked 
|  57|0x0000000085900000, 0x0000000085900000, 0x0000000085a00000|  0%| F|  |TAMS 0x0000000085900000, 0x0000000085900000| Untracked 
|  58|0x0000000085a00000, 0x0000000085a00000, 0x0000000085b00000|  0%| F|  |TAMS 0x0000000085a00000, 0x0000000085a00000| Untracked 
|  59|0x0000000085b00000, 0x0000000085b00000, 0x0000000085c00000|  0%| F|  |TAMS 0x0000000085b00000, 0x0000000085b00000| Untracked 
|  60|0x0000000085c00000, 0x0000000085c00000, 0x0000000085d00000|  0%| F|  |TAMS 0x0000000085c00000, 0x0000000085c00000| Untracked 
|  61|0x0000000085d00000, 0x0000000085d00000, 0x0000000085e00000|  0%| F|  |TAMS 0x0000000085d00000, 0x0000000085d00000| Untracked 
|  62|0x0000000085e00000, 0x0000000085e00000, 0x0000000085f00000|  0%| F|  |TAMS 0x0000000085e00000, 0x0000000085e00000| Untracked 
|  63|0x0000000085f00000, 0x0000000085f00000, 0x0000000086000000|  0%| F|  |TAMS 0x0000000085f00000, 0x0000000085f00000| Untracked 
|  64|0x0000000086000000, 0x0000000086000000, 0x0000000086100000|  0%| F|  |TAMS 0x0000000086000000, 0x0000000086000000| Untracked 
|  65|0x0000000086100000, 0x0000000086100000, 0x0000000086200000|  0%| F|  |TAMS 0x0000000086100000, 0x0000000086100000| Untracked 
|  66|0x0000000086200000, 0x0000000086200000, 0x0000000086300000|  0%| F|  |TAMS 0x0000000086200000, 0x0000000086200000| Untracked 
|  67|0x0000000086300000, 0x0000000086300000, 0x0000000086400000|  0%| F|  |TAMS 0x0000000086300000, 0x0000000086300000| Untracked 
|  68|0x0000000086400000, 0x0000000086400000, 0x0000000086500000|  0%| F|  |TAMS 0x0000000086400000, 0x0000000086400000| Untracked 
|  69|0x0000000086500000, 0x0000000086500000, 0x0000000086600000|  0%| F|  |TAMS 0x0000000086500000, 0x0000000086500000| Untracked 
|  70|0x0000000086600000, 0x0000000086600000, 0x0000000086700000|  0%| F|  |TAMS 0x0000000086600000, 0x0000000086600000| Untracked 
|  71|0x0000000086700000, 0x0000000086700000, 0x0000000086800000|  0%| F|  |TAMS 0x0000000086700000, 0x0000000086700000| Untracked 
|  72|0x0000000086800000, 0x0000000086800000, 0x0000000086900000|  0%| F|  |TAMS 0x0000000086800000, 0x0000000086800000| Untracked 
|  73|0x0000000086900000, 0x0000000086900000, 0x0000000086a00000|  0%| F|  |TAMS 0x0000000086900000, 0x0000000086900000| Untracked 
|  74|0x0000000086a00000, 0x0000000086a00000, 0x0000000086b00000|  0%| F|  |TAMS 0x0000000086a00000, 0x0000000086a00000| Untracked 
|  75|0x0000000086b00000, 0x0000000086b00000, 0x0000000086c00000|  0%| F|  |TAMS 0x0000000086b00000, 0x0000000086b00000| Untracked 
|  76|0x0000000086c00000, 0x0000000086c00000, 0x0000000086d00000|  0%| F|  |TAMS 0x0000000086c00000, 0x0000000086c00000| Untracked 
|  77|0x0000000086d00000, 0x0000000086d00000, 0x0000000086e00000|  0%| F|  |TAMS 0x0000000086d00000, 0x0000000086d00000| Untracked 
|  78|0x0000000086e00000, 0x0000000086e00000, 0x0000000086f00000|  0%| F|  |TAMS 0x0000000086e00000, 0x0000000086e00000| Untracked 
|  79|0x0000000086f00000, 0x0000000086ffa690, 0x0000000087000000| 97%| E|  |TAMS 0x0000000086f00000, 0x0000000086f00000| Complete 

Card table byte_map: [0x0000020df4220000,0x0000020df4610000] _byte_map_base: 0x0000020df3e10000

Marking Bits (Prev, Next): (CMBitMap*) 0x0000020ddb3bcc90, (CMBitMap*) 0x0000020ddb3bccd0
 Prev Bits: [0x0000020df4a00000, 0x0000020df6980000)
 Next Bits: [0x0000020df6980000, 0x0000020df8900000)

Polling page: 0x0000020ddccc0000

Metaspace:

Usage:
  Non-class:     54.90 MB used.
      Class:      8.04 MB used.
       Both:     62.94 MB used.

Virtual space:
  Non-class space:       64.00 MB reserved,      55.12 MB ( 86%) committed,  1 nodes.
      Class space:        1.00 GB reserved,       8.25 MB ( <1%) committed,  1 nodes.
             Both:        1.06 GB reserved,      63.38 MB (  6%) committed. 

Chunk freelists:
   Non-Class:  608.00 KB
       Class:  3.66 MB
        Both:  4.25 MB

MaxMetaspaceSize: unlimited
CompressedClassSpaceSize: 1.00 GB
Initial GC threshold: 21.00 MB
Current GC threshold: 104.62 MB
CDS: on
MetaspaceReclaimPolicy: balanced
 - commit_granule_bytes: 65536.
 - commit_granule_words: 8192.
 - virtual_space_node_default_size: 8388608.
 - enlarge_chunks_in_place: 1.
 - new_chunks_are_fully_committed: 0.
 - uncommit_free_chunks: 1.
 - use_allocation_guard: 0.


Internal statistics:

num_allocs_failed_limit: 12.
num_arena_births: 544.
num_arena_deaths: 0.
num_vsnodes_births: 2.
num_vsnodes_deaths: 0.
num_space_committed: 1014.
num_space_uncommitted: 0.
num_chunks_returned_to_freelist: 12.
num_chunks_taken_from_freelist: 2672.
num_chunk_merges: 6.
num_chunk_splits: 1968.
num_chunks_enlarged: 1648.
num_inconsistent_stats: 0.

CodeHeap 'non-profiled nmethods': size=120000Kb used=4094Kb max_used=4094Kb free=115905Kb
 bounds [0x0000020dec900000, 0x0000020decd00000, 0x0000020df3e30000]
CodeHeap 'profiled nmethods': size=120000Kb used=13340Kb max_used=13340Kb free=106659Kb
 bounds [0x0000020de53d0000, 0x0000020de60e0000, 0x0000020dec900000]
CodeHeap 'non-nmethods': size=5760Kb used=1414Kb max_used=1509Kb free=4345Kb
 bounds [0x0000020de4e30000, 0x0000020de50a0000, 0x0000020de53d0000]
 total_blobs=6947 nmethods=6281 adapters=577
 compilation: enabled
              stopped_count=0, restarted_count=0
 full_count=0

Compilation events (20 events):
Event: 1272.549 Thread 0x0000020dfad880c0 nmethod 7069 0x0000020deccf8510 code [0x0000020deccf86e0, 0x0000020deccf8ef8]
Event: 1272.549 Thread 0x0000020dfad880c0 7077       4       jdk.internal.org.objectweb.asm.MethodWriter::visitMethodInsn (191 bytes)
Event: 1272.572 Thread 0x0000020dfad88ee0 7079       3       org.springframework.aop.framework.autoproxy.AbstractAutoProxyCreator::postProcessAfterInitialization (38 bytes)
Event: 1272.573 Thread 0x0000020dfad88ee0 nmethod 7079 0x0000020de60d2d10 code [0x0000020de60d2ee0, 0x0000020de60d3348]
Event: 1272.573 Thread 0x0000020dfad88ee0 7080       3       org.springframework.aop.framework.autoproxy.AbstractAutoProxyCreator::wrapIfNecessary (172 bytes)
Event: 1272.575 Thread 0x0000020dfad88ee0 nmethod 7080 0x0000020de60d3490 code [0x0000020de60d37c0, 0x0000020de60d4f48]
Event: 1272.593 Thread 0x0000020d827df5d0 nmethod 7075 0x0000020deccf9690 code [0x0000020deccf98a0, 0x0000020deccfa5b0]
Event: 1272.593 Thread 0x0000020d827df5d0 7078       4       jdk.internal.org.objectweb.asm.SymbolTable::addConstantMethodref (24 bytes)
Event: 1272.594 Thread 0x0000020d827df5d0 nmethod 7078 0x0000020deccfaf10 code [0x0000020deccfb0a0, 0x0000020deccfb188]
Event: 1272.634 Thread 0x0000020dfad880c0 nmethod 7077 0x0000020deccfb290 code [0x0000020deccfb560, 0x0000020deccfdb58]
Event: 1278.432 Thread 0x0000020dfad88ee0 7081       3       java.util.TreeSet::iterator (15 bytes)
Event: 1278.432 Thread 0x0000020dfad88ee0 nmethod 7081 0x0000020de60d5610 code [0x0000020de60d57c0, 0x0000020de60d5a58]
Event: 1278.433 Thread 0x0000020dfad88ee0 7082       3       java.util.TreeMap::navigableKeySet (27 bytes)
Event: 1278.433 Thread 0x0000020dfad88ee0 nmethod 7082 0x0000020de60d5b90 code [0x0000020de60d5d60, 0x0000020de60d6158]
Event: 1278.433 Thread 0x0000020dfad88ee0 7083       3       java.util.TreeMap$KeyIterator::<init> (7 bytes)
Event: 1278.434 Thread 0x0000020dfad88ee0 nmethod 7083 0x0000020de60d6290 code [0x0000020de60d6440, 0x0000020de60d66f8]
Event: 1328.463 Thread 0x0000020dfad88ee0 7084       3       org.apache.catalina.core.StandardWrapper::backgroundProcess (38 bytes)
Event: 1328.464 Thread 0x0000020dfad88ee0 nmethod 7084 0x0000020de60d6810 code [0x0000020de60d6a00, 0x0000020de60d6ff8]
Event: 1562.482 Thread 0x0000020dfad880c0 7085       4       sun.net.www.ParseUtil::encodePath (41 bytes)
Event: 1562.496 Thread 0x0000020dfad880c0 nmethod 7085 0x0000020deccff090 code [0x0000020deccff240, 0x0000020deccff518]

GC Heap History (20 events):
Event: 34.631 GC heap before
{Heap before GC invocations=16 (full 0):
 garbage-first heap   total 68608K, used 53709K [0x0000000082000000, 0x0000000100000000)
  region size 1024K, 36 young (36864K), 3 survivors (3072K)
 Metaspace       used 43090K, committed 43520K, reserved 1114112K
  class space    used 5424K, committed 5632K, reserved 1048576K
}
Event: 34.637 GC heap after
{Heap after GC invocations=17 (full 0):
 garbage-first heap   total 68608K, used 20554K [0x0000000082000000, 0x0000000100000000)
  region size 1024K, 3 young (3072K), 3 survivors (3072K)
 Metaspace       used 43090K, committed 43520K, reserved 1114112K
  class space    used 5424K, committed 5632K, reserved 1048576K
}
Event: 35.185 GC heap before
{Heap before GC invocations=17 (full 0):
 garbage-first heap   total 68608K, used 55370K [0x0000000082000000, 0x0000000100000000)
  region size 1024K, 37 young (37888K), 3 survivors (3072K)
 Metaspace       used 46588K, committed 46976K, reserved 1114112K
  class space    used 5902K, committed 6080K, reserved 1048576K
}
Event: 35.195 GC heap after
{Heap after GC invocations=18 (full 0):
 garbage-first heap   total 68608K, used 21542K [0x0000000082000000, 0x0000000100000000)
  region size 1024K, 3 young (3072K), 3 survivors (3072K)
 Metaspace       used 46588K, committed 46976K, reserved 1114112K
  class space    used 5902K, committed 6080K, reserved 1048576K
}
Event: 35.784 GC heap before
{Heap before GC invocations=18 (full 0):
 garbage-first heap   total 68608K, used 56358K [0x0000000082000000, 0x0000000100000000)
  region size 1024K, 37 young (37888K), 3 survivors (3072K)
 Metaspace       used 49999K, committed 50368K, reserved 1114112K
  class space    used 6454K, committed 6656K, reserved 1048576K
}
Event: 35.792 GC heap after
{Heap after GC invocations=19 (full 0):
 garbage-first heap   total 68608K, used 21999K [0x0000000082000000, 0x0000000100000000)
  region size 1024K, 2 young (2048K), 2 survivors (2048K)
 Metaspace       used 49999K, committed 50368K, reserved 1114112K
  class space    used 6454K, committed 6656K, reserved 1048576K
}
Event: 105.348 GC heap before
{Heap before GC invocations=19 (full 0):
 garbage-first heap   total 68608K, used 55791K [0x0000000082000000, 0x0000000100000000)
  region size 1024K, 35 young (35840K), 2 survivors (2048K)
 Metaspace       used 53054K, committed 53440K, reserved 1114112K
  class space    used 6863K, committed 7040K, reserved 1048576K
}
Event: 105.356 GC heap after
{Heap after GC invocations=20 (full 0):
 garbage-first heap   total 82944K, used 23490K [0x0000000082000000, 0x0000000100000000)
  region size 1024K, 4 young (4096K), 4 survivors (4096K)
 Metaspace       used 53054K, committed 53440K, reserved 1114112K
  class space    used 6863K, committed 7040K, reserved 1048576K
}
Event: 106.198 GC heap before
{Heap before GC invocations=20 (full 0):
 garbage-first heap   total 82944K, used 66498K [0x0000000082000000, 0x0000000100000000)
  region size 1024K, 46 young (47104K), 4 survivors (4096K)
 Metaspace       used 56736K, committed 57152K, reserved 1114112K
  class space    used 7355K, committed 7552K, reserved 1048576K
}
Event: 106.207 GC heap after
{Heap after GC invocations=21 (full 0):
 garbage-first heap   total 82944K, used 25379K [0x0000000082000000, 0x0000000100000000)
  region size 1024K, 5 young (5120K), 5 survivors (5120K)
 Metaspace       used 56736K, committed 57152K, reserved 1114112K
  class space    used 7355K, committed 7552K, reserved 1048576K
}
Event: 130.408 GC heap before
{Heap before GC invocations=21 (full 0):
 garbage-first heap   total 82944K, used 67363K [0x0000000082000000, 0x0000000100000000)
  region size 1024K, 46 young (47104K), 5 survivors (5120K)
 Metaspace       used 60434K, committed 60864K, reserved 1114112K
  class space    used 7818K, committed 8000K, reserved 1048576K
}
Event: 130.425 GC heap after
{Heap after GC invocations=22 (full 0):
 garbage-first heap   total 82944K, used 27089K [0x0000000082000000, 0x0000000100000000)
  region size 1024K, 4 young (4096K), 4 survivors (4096K)
 Metaspace       used 60434K, committed 60864K, reserved 1114112K
  class space    used 7818K, committed 8000K, reserved 1048576K
}
Event: 130.478 GC heap before
{Heap before GC invocations=22 (full 0):
 garbage-first heap   total 82944K, used 28113K [0x0000000082000000, 0x0000000100000000)
  region size 1024K, 6 young (6144K), 4 survivors (4096K)
 Metaspace       used 60630K, committed 61056K, reserved 1114112K
  class space    used 7844K, committed 8064K, reserved 1048576K
}
Event: 130.488 GC heap after
{Heap after GC invocations=23 (full 0):
 garbage-first heap   total 82944K, used 27307K [0x0000000082000000, 0x0000000100000000)
  region size 1024K, 3 young (3072K), 3 survivors (3072K)
 Metaspace       used 60630K, committed 61056K, reserved 1114112K
  class space    used 7844K, committed 8064K, reserved 1048576K
}
Event: 749.210 GC heap before
{Heap before GC invocations=24 (full 0):
 garbage-first heap   total 82944K, used 65195K [0x0000000082000000, 0x0000000100000000)
  region size 1024K, 41 young (41984K), 3 survivors (3072K)
 Metaspace       used 63628K, committed 64064K, reserved 1114112K
  class space    used 8202K, committed 8384K, reserved 1048576K
}
Event: 749.226 GC heap after
{Heap after GC invocations=25 (full 0):
 garbage-first heap   total 82944K, used 28047K [0x0000000082000000, 0x0000000100000000)
  region size 1024K, 3 young (3072K), 3 survivors (3072K)
 Metaspace       used 63628K, committed 64064K, reserved 1114112K
  class space    used 8202K, committed 8384K, reserved 1048576K
}
Event: 1256.924 GC heap before
{Heap before GC invocations=25 (full 0):
 garbage-first heap   total 82944K, used 39311K [0x0000000082000000, 0x0000000100000000)
  region size 1024K, 15 young (15360K), 3 survivors (3072K)
 Metaspace       used 63790K, committed 64256K, reserved 1114112K
  class space    used 8226K, committed 8448K, reserved 1048576K
}
Event: 1257.015 GC heap after
{Heap after GC invocations=26 (full 1):
 garbage-first heap   total 81920K, used 24097K [0x0000000082000000, 0x0000000100000000)
  region size 1024K, 0 young (0K), 0 survivors (0K)
 Metaspace       used 63790K, committed 64256K, reserved 1114112K
  class space    used 8226K, committed 8448K, reserved 1048576K
}
Event: 1272.557 GC heap before
{Heap before GC invocations=26 (full 1):
 garbage-first heap   total 81920K, used 67105K [0x0000000082000000, 0x0000000100000000)
  region size 1024K, 43 young (44032K), 0 survivors (0K)
 Metaspace       used 64444K, committed 64896K, reserved 1114112K
  class space    used 8237K, committed 8448K, reserved 1048576K
}
Event: 1272.571 GC heap after
{Heap after GC invocations=27 (full 1):
 garbage-first heap   total 81920K, used 27297K [0x0000000082000000, 0x0000000100000000)
  region size 1024K, 4 young (4096K), 4 survivors (4096K)
 Metaspace       used 64444K, committed 64896K, reserved 1114112K
  class space    used 8237K, committed 8448K, reserved 1048576K
}

Deoptimization events (20 events):
Event: 1272.538 Thread 0x0000020d847acda0 DEOPT PACKING pc=0x0000020de58969ac sp=0x0000003104bfd240
Event: 1272.538 Thread 0x0000020d847acda0 DEOPT UNPACKING pc=0x0000020de4e82b43 sp=0x0000003104bfc7e0 mode 1
Event: 1272.546 Thread 0x0000020d847acda0 DEOPT PACKING pc=0x0000020de5899841 sp=0x0000003104bfca10
Event: 1272.546 Thread 0x0000020d847acda0 DEOPT UNPACKING pc=0x0000020de4e82b43 sp=0x0000003104bfbee8 mode 1
Event: 1272.546 Thread 0x0000020d847acda0 DEOPT PACKING pc=0x0000020de59c2cbc sp=0x0000003104bfcaa0
Event: 1272.546 Thread 0x0000020d847acda0 DEOPT UNPACKING pc=0x0000020de4e82b43 sp=0x0000003104bfc048 mode 1
Event: 1272.546 Thread 0x0000020d847acda0 DEOPT PACKING pc=0x0000020de58969ac sp=0x0000003104bfcc00
Event: 1272.546 Thread 0x0000020d847acda0 DEOPT UNPACKING pc=0x0000020de4e82b43 sp=0x0000003104bfc1a0 mode 1
Event: 1272.572 Thread 0x0000020d847acda0 DEOPT PACKING pc=0x0000020de5b4e184 sp=0x0000003104bfdbd0
Event: 1272.572 Thread 0x0000020d847acda0 DEOPT UNPACKING pc=0x0000020de4e82b43 sp=0x0000003104bfd120 mode 1
Event: 1272.574 Thread 0x0000020d847acda0 DEOPT PACKING pc=0x0000020de5bd6ec4 sp=0x0000003104bfdce0
Event: 1272.574 Thread 0x0000020d847acda0 DEOPT UNPACKING pc=0x0000020de4e82b43 sp=0x0000003104bfd1a0 mode 1
Event: 1272.590 Thread 0x0000020d847acda0 DEOPT PACKING pc=0x0000020de5899841 sp=0x0000003104bfd180
Event: 1272.590 Thread 0x0000020d847acda0 DEOPT UNPACKING pc=0x0000020de4e82b43 sp=0x0000003104bfc658 mode 1
Event: 1272.590 Thread 0x0000020d847acda0 DEOPT PACKING pc=0x0000020de59c2cbc sp=0x0000003104bfd210
Event: 1272.590 Thread 0x0000020d847acda0 DEOPT UNPACKING pc=0x0000020de4e82b43 sp=0x0000003104bfc7b8 mode 1
Event: 1272.590 Thread 0x0000020d847acda0 DEOPT PACKING pc=0x0000020de58969ac sp=0x0000003104bfd370
Event: 1272.590 Thread 0x0000020d847acda0 DEOPT UNPACKING pc=0x0000020de4e82b43 sp=0x0000003104bfc910 mode 1
Event: 1567.209 Thread 0x0000020d847acda0 DEOPT PACKING pc=0x0000020de575aba4 sp=0x0000003104bfdff0
Event: 1567.209 Thread 0x0000020d847acda0 DEOPT UNPACKING pc=0x0000020de4e82b43 sp=0x0000003104bfd4a8 mode 0

Classes loaded (20 events):
Event: 1251.832 Loading class java/util/concurrent/locks/AbstractQueuedSynchronizer$SharedNode
Event: 1251.834 Loading class java/util/concurrent/locks/AbstractQueuedSynchronizer$SharedNode done
Event: 1256.839 Loading class javax/management/ObjectName$PatternProperty
Event: 1256.840 Loading class javax/management/ObjectName$PatternProperty done
Event: 1256.862 Loading class java/util/AbstractMap$2
Event: 1256.862 Loading class java/util/AbstractMap$2 done
Event: 1256.867 Loading class java/util/AbstractMap$2$1
Event: 1256.867 Loading class java/util/AbstractMap$2$1 done
Event: 1256.886 Loading class sun/security/ssl/Alert
Event: 1256.886 Loading class sun/security/ssl/Alert done
Event: 1256.887 Loading class sun/security/ssl/Alert$AlertConsumer
Event: 1256.887 Loading class sun/security/ssl/Alert$AlertConsumer done
Event: 1256.888 Loading class sun/security/ssl/Alert$Level
Event: 1256.888 Loading class sun/security/ssl/Alert$Level done
Event: 1256.891 Loading class sun/net/ConnectionResetException
Event: 1256.893 Loading class sun/net/ConnectionResetException done
Event: 1257.018 Loading class java/lang/ref/Finalizer$2
Event: 1257.033 Loading class java/lang/ref/Finalizer$2 done
Event: 1257.038 Loading class java/lang/ref/Finalizer$1
Event: 1257.039 Loading class java/lang/ref/Finalizer$1 done

Classes unloaded (0 events):
No events

Classes redefined (3 events):
Event: 1248.740 Thread 0x0000020dfad5e6f0 redefined class name=com.libFirstApi.Lib.controller.UserController, count=1
Event: 1567.255 Thread 0x0000020dfad5e6f0 redefined class name=com.libFirstApi.Lib.controller.UserController, count=2
Event: 1567.255 Thread 0x0000020dfad5e6f0 redefined class name=com.libFirstApi.Lib.controller.UserController, count=1

Internal exceptions (20 events):
Event: 1256.913 Thread 0x0000020d847ae0e0 Exception <a 'java/io/IOException'{0x000000008655dd88}> (0x000000008655dd88) 
thrown [s\open\src\hotspot\share\prims\jni.cpp, line 516]
Event: 1256.914 Thread 0x0000020d847ae0e0 Exception <a 'java/io/IOException'{0x000000008655fb90}> (0x000000008655fb90) 
thrown [s\open\src\hotspot\share\prims\jni.cpp, line 516]
Event: 1256.914 Thread 0x0000020d847ae0e0 Exception <a 'java/io/IOException'{0x000000008658cf60}> (0x000000008658cf60) 
thrown [s\open\src\hotspot\share\prims\jni.cpp, line 516]
Event: 1256.916 Thread 0x0000020d847ae0e0 Exception <a 'java/io/IOException'{0x000000008658ed68}> (0x000000008658ed68) 
thrown [s\open\src\hotspot\share\prims\jni.cpp, line 516]
Event: 1256.916 Thread 0x0000020d847ae0e0 Exception <a 'java/io/IOException'{0x000000008658f8a8}> (0x000000008658f8a8) 
thrown [s\open\src\hotspot\share\prims\jni.cpp, line 516]
Event: 1256.918 Thread 0x0000020d847ae0e0 Exception <a 'java/io/IOException'{0x00000000865916b0}> (0x00000000865916b0) 
thrown [s\open\src\hotspot\share\prims\jni.cpp, line 516]
Event: 1256.918 Thread 0x0000020d847ae0e0 Exception <a 'java/io/IOException'{0x00000000865921f0}> (0x00000000865921f0) 
thrown [s\open\src\hotspot\share\prims\jni.cpp, line 516]
Event: 1257.101 Thread 0x0000020d847acda0 Exception <a 'sun/nio/fs/WindowsException'{0x0000000086f88148}> (0x0000000086f88148) 
thrown [s\open\src\hotspot\share\prims\jni.cpp, line 516]
Event: 1258.044 Thread 0x0000020d847acda0 Exception <a 'java/lang/NoClassDefFoundError'{0x0000000085dc58b8}: org/flywaydb/core/Flyway> (0x0000000085dc58b8) 
thrown [s\open\src\hotspot\share\oops\constantPool.cpp, line 836]
Event: 1258.046 Thread 0x0000020d847acda0 Exception <a 'java/lang/NoClassDefFoundError'{0x0000000085dc5f08}: liquibase/integration/spring/SpringLiquibase> (0x0000000085dc5f08) 
thrown [s\open\src\hotspot\share\oops\constantPool.cpp, line 836]
Event: 1258.058 Thread 0x0000020d847acda0 Exception <a 'java/lang/NoClassDefFoundError'{0x0000000085c0b680}: org/jooq/DSLContext> (0x0000000085c0b680) 
thrown [s\open\src\hotspot\share\oops\constantPool.cpp, line 836]
Event: 1258.060 Thread 0x0000020d847acda0 Exception <a 'java/lang/NoClassDefFoundError'{0x0000000085c0cae8}: org/springframework/batch/core/repository/JobRepository> (0x0000000085c0cae8) 
thrown [s\open\src\hotspot\share\oops\constantPool.cpp, line 836]
Event: 1258.061 Thread 0x0000020d847acda0 Exception <a 'java/lang/NoClassDefFoundError'{0x0000000085c0d130}: org/quartz/Scheduler> (0x0000000085c0d130) 
thrown [s\open\src\hotspot\share\oops\constantPool.cpp, line 836]
Event: 1258.062 Thread 0x0000020d847acda0 Exception <a 'java/lang/NoClassDefFoundError'{0x0000000085c0d7a0}: org/springframework/session/jdbc/JdbcIndexedSessionRepository> (0x0000000085c0d7a0) 
thrown [s\open\src\hotspot\share\oops\constantPool.cpp, line 836]
Event: 1258.093 Thread 0x0000020d847acda0 Implicit null exception at 0x0000020decbcd541 to 0x0000020decbd0d44
Event: 1258.217 Thread 0x0000020d847acda0 Exception <a 'sun/nio/fs/WindowsException'{0x000000008575ea80}> (0x000000008575ea80) 
thrown [s\open\src\hotspot\share\prims\jni.cpp, line 516]
Event: 1258.218 Thread 0x0000020d847acda0 Exception <a 'sun/nio/fs/WindowsException'{0x000000008575f1a8}> (0x000000008575f1a8) 
thrown [s\open\src\hotspot\share\prims\jni.cpp, line 516]
Event: 1258.218 Thread 0x0000020d847acda0 Exception <a 'sun/nio/fs/WindowsException'{0x000000008575f8a0}> (0x000000008575f8a0) 
thrown [s\open\src\hotspot\share\prims\jni.cpp, line 516]
Event: 1258.247 Thread 0x0000020d847acda0 Exception <a 'java/io/FileNotFoundException'{0x0000000085793fd8}> (0x0000000085793fd8) 
thrown [s\open\src\hotspot\share\prims\jni.cpp, line 516]
Event: 1258.377 Thread 0x0000020d847acda0 Exception <a 'java/io/FileNotFoundException'{0x00000000852863f8}> (0x00000000852863f8) 
thrown [s\open\src\hotspot\share\prims\jni.cpp, line 516]

VM Operations (20 events):
Event: 1291.582 Executing VM operation: get/set locals done
Event: 1291.584 Executing VM operation: get/set locals
Event: 1291.584 Executing VM operation: get/set locals done
Event: 1291.586 Executing VM operation: get/set locals
Event: 1291.587 Executing VM operation: get/set locals done
Event: 1291.589 Executing VM operation: get/set locals
Event: 1291.589 Executing VM operation: get/set locals done
Event: 1291.591 Executing VM operation: get/set locals
Event: 1291.591 Executing VM operation: get/set locals done
Event: 1291.593 Executing VM operation: get/set locals
Event: 1291.593 Executing VM operation: get/set locals done
Event: 1567.209 Executing VM operation: ChangeSingleStep
Event: 1567.209 Executing VM operation: ChangeSingleStep done
Event: 1567.209 Executing VM operation: ChangeSingleStep
Event: 1567.209 Executing VM operation: ChangeSingleStep done
Event: 1567.236 Executing VM operation: RedefineClasses
Event: 1567.289 Executing VM operation: RedefineClasses done
Event: 1567.291 Executing VM operation: ChangeSingleStep
Event: 1567.291 Executing VM operation: ChangeSingleStep done
Event: 1567.295 Executing VM operation: GetObjectMonitorUsage

Events (20 events):
Event: 1256.883 Thread 0x0000020d8183c230 Thread exited: 0x0000020d8183c230
Event: 1256.887 Thread 0x0000020d847ae5b0 Thread added: 0x0000020d847ae5b0
Event: 1256.907 Thread 0x0000020d847ae5b0 Thread exited: 0x0000020d847ae5b0
Event: 1256.919 Thread 0x0000020d847ae0e0 Thread exited: 0x0000020d847ae0e0
Event: 1257.040 Thread 0x0000020d847a8570 Thread added: 0x0000020d847a8570
Event: 1257.057 Thread 0x0000020d847a8570 Thread exited: 0x0000020d847a8570
Event: 1257.058 Thread 0x0000020d847acda0 Thread added: 0x0000020d847acda0
Event: 1257.135 Thread 0x0000020dffbc1900 Thread added: 0x0000020dffbc1900
Event: 1257.247 Thread 0x0000020d847a7bd0 Thread added: 0x0000020d847a7bd0
Event: 1257.360 Thread 0x0000020d847a7bd0 Thread exited: 0x0000020d847a7bd0
Event: 1257.548 Thread 0x0000020dfadf3eb0 flushing nmethod 0x0000020de5557190
Event: 1258.355 Thread 0x0000020d847ae5b0 Thread added: 0x0000020d847ae5b0
Event: 1258.379 Thread 0x0000020d847a7700 Thread added: 0x0000020d847a7700
Event: 1258.379 Thread 0x0000020d847a8570 Thread added: 0x0000020d847a8570
Event: 1258.380 Thread 0x0000020d847aef50 Thread added: 0x0000020d847aef50
Event: 1258.471 Thread 0x0000020d847aea80 Thread added: 0x0000020d847aea80
Event: 1263.912 Thread 0x0000020d847aea80 Thread exited: 0x0000020d847aea80
Event: 1263.974 Thread 0x0000020dffbc1900 Thread exited: 0x0000020dffbc1900
Event: 1272.506 Thread 0x0000020d827df5d0 Thread added: 0x0000020d827df5d0
Event: 1277.608 Thread 0x0000020d827df5d0 Thread exited: 0x0000020d827df5d0


Dynamic libraries:
0x00007ff63a160000 - 0x00007ff63a170000 	C:\Program Files\Java\jdk-18.0.1.1\bin\javaw.exe
0x00007ffa464f0000 - 0x00007ffa466e8000 	C:\Windows\SYSTEM32\ntdll.dll
0x00007ffa44750000 - 0x00007ffa4480d000 	C:\Windows\System32\KERNEL32.DLL
0x00007ffa43e60000 - 0x00007ffa4412e000 	C:\Windows\System32\KERNELBASE.dll
0x00007ffa442e0000 - 0x00007ffa443e0000 	C:\Windows\System32\ucrtbase.dll
0x00007ffa3d910000 - 0x00007ffa3d928000 	C:\Program Files\Java\jdk-18.0.1.1\bin\jli.dll
0x00007ffa448d0000 - 0x00007ffa4497e000 	C:\Windows\System32\ADVAPI32.dll
0x00007ffa45010000 - 0x00007ffa450ae000 	C:\Windows\System32\msvcrt.dll
0x00007ffa446b0000 - 0x00007ffa4474c000 	C:\Windows\System32\sechost.dll
0x00007ffa44e80000 - 0x00007ffa44fa5000 	C:\Windows\System32\RPCRT4.dll
0x00007ffa45310000 - 0x00007ffa454b0000 	C:\Windows\System32\USER32.dll
0x00007ffa43c80000 - 0x00007ffa43ca2000 	C:\Windows\System32\win32u.dll
0x00007ffa462d0000 - 0x00007ffa462fa000 	C:\Windows\System32\GDI32.dll
0x00007ffa441d0000 - 0x00007ffa442db000 	C:\Windows\System32\gdi32full.dll
0x00007ffa44130000 - 0x00007ffa441cd000 	C:\Windows\System32\msvcp_win.dll
0x00007ffa30750000 - 0x00007ffa3076a000 	C:\Program Files\Java\jdk-18.0.1.1\bin\VCRUNTIME140.dll
0x00007ffa31b70000 - 0x00007ffa31e0a000 	C:\Windows\WinSxS\amd64_microsoft.windows.common-controls_6595b64144ccf1df_6.0.19041.1110_none_60b5254171f9507e\COMCTL32.dll
0x00007ffa3bfa0000 - 0x00007ffa3bfaa000 	C:\Windows\SYSTEM32\VERSION.dll
0x00007ffa44550000 - 0x00007ffa44580000 	C:\Windows\System32\IMM32.DLL
0x00007ffa40e80000 - 0x00007ffa40e8c000 	C:\Program Files\Java\jdk-18.0.1.1\bin\vcruntime140_1.dll
0x00007ffa162b0000 - 0x00007ffa1633d000 	C:\Program Files\Java\jdk-18.0.1.1\bin\msvcp140.dll
0x00007ffa01820000 - 0x00007ffa02430000 	C:\Program Files\Java\jdk-18.0.1.1\bin\server\jvm.dll
0x00007ffa451e0000 - 0x00007ffa451e8000 	C:\Windows\System32\PSAPI.DLL
0x00007ffa30850000 - 0x00007ffa30859000 	C:\Windows\SYSTEM32\WSOCK32.dll
0x00007ffa45b10000 - 0x00007ffa45b7b000 	C:\Windows\System32\WS2_32.dll
0x00007ffa308c0000 - 0x00007ffa308e7000 	C:\Windows\SYSTEM32\WINMM.dll
0x00007ffa424a0000 - 0x00007ffa424b2000 	C:\Windows\SYSTEM32\kernel.appcore.dll
0x00007ffa3cdd0000 - 0x00007ffa3cdda000 	C:\Program Files\Java\jdk-18.0.1.1\bin\jimage.dll
0x00007ffa421b0000 - 0x00007ffa42394000 	C:\Windows\SYSTEM32\DBGHELP.DLL
0x00007ffa34610000 - 0x00007ffa3463c000 	C:\Windows\SYSTEM32\dbgcore.DLL
0x00007ffa443e0000 - 0x00007ffa44462000 	C:\Windows\System32\bcryptPrimitives.dll
0x00007ffa27820000 - 0x00007ffa2785b000 	C:\Program Files\Java\jdk-18.0.1.1\bin\jdwp.dll
0x00007ffa2f0a0000 - 0x00007ffa2f0ae000 	C:\Program Files\Java\jdk-18.0.1.1\bin\instrument.dll
0x00007ffa24ed0000 - 0x00007ffa24ef5000 	C:\Program Files\Java\jdk-18.0.1.1\bin\java.dll
0x00007ffa0d7d0000 - 0x00007ffa0d8a6000 	C:\Program Files\Java\jdk-18.0.1.1\bin\jsvml.dll
0x00007ffa45b80000 - 0x00007ffa462c4000 	C:\Windows\System32\SHELL32.dll
0x00007ffa41940000 - 0x00007ffa420d4000 	C:\Windows\SYSTEM32\windows.storage.dll
0x00007ffa44980000 - 0x00007ffa44cd4000 	C:\Windows\System32\combase.dll
0x00007ffa43600000 - 0x00007ffa43630000 	C:\Windows\SYSTEM32\Wldp.dll
0x00007ffa455f0000 - 0x00007ffa4569d000 	C:\Windows\System32\SHCORE.dll
0x00007ffa44fb0000 - 0x00007ffa45005000 	C:\Windows\System32\shlwapi.dll
0x00007ffa43b50000 - 0x00007ffa43b6f000 	C:\Windows\SYSTEM32\profapi.dll
0x00007ffa2ef40000 - 0x00007ffa2ef4c000 	C:\Program Files\Java\jdk-18.0.1.1\bin\dt_socket.dll
0x00007ffa42ff0000 - 0x00007ffa4302b000 	C:\Windows\SYSTEM32\IPHLPAPI.DLL
0x00007ffa43300000 - 0x00007ffa4336a000 	C:\Windows\system32\mswsock.dll
0x00007ffa43030000 - 0x00007ffa430fa000 	C:\Windows\SYSTEM32\DNSAPI.dll
0x00007ffa44ce0000 - 0x00007ffa44ce8000 	C:\Windows\System32\NSI.dll
0x00007ffa32830000 - 0x00007ffa3283a000 	C:\Windows\System32\rasadhlp.dll
0x00007ffa329c0000 - 0x00007ffa32a40000 	C:\Windows\System32\fwpuclnt.dll
0x00007ffa44470000 - 0x00007ffa44497000 	C:\Windows\System32\bcrypt.dll
0x00007ffa24eb0000 - 0x00007ffa24ec8000 	C:\Program Files\Java\jdk-18.0.1.1\bin\zip.dll
0x00007ffa1c680000 - 0x00007ffa1c693000 	C:\Program Files\Java\jdk-18.0.1.1\bin\net.dll
0x00007ffa32ef0000 - 0x00007ffa32ffa000 	C:\Windows\SYSTEM32\WINHTTP.dll
0x00007ffa1c660000 - 0x00007ffa1c676000 	C:\Program Files\Java\jdk-18.0.1.1\bin\nio.dll
0x00007ffa2ef00000 - 0x00007ffa2ef10000 	C:\Program Files\Java\jdk-18.0.1.1\bin\verify.dll
0x00007ffa2de00000 - 0x00007ffa2de09000 	C:\Program Files\Java\jdk-18.0.1.1\bin\management.dll
0x00007ffa2a7f0000 - 0x00007ffa2a7fb000 	C:\Program Files\Java\jdk-18.0.1.1\bin\management_ext.dll
0x00007ffa28df0000 - 0x00007ffa28e07000 	C:\Windows\system32\napinsp.dll
0x00007ffa28dd0000 - 0x00007ffa28deb000 	C:\Windows\system32\pnrpnsp.dll
0x00007ffa3e460000 - 0x00007ffa3e475000 	C:\Windows\system32\wshbth.dll
0x00007ffa3b370000 - 0x00007ffa3b38d000 	C:\Windows\system32\NLAapi.dll
0x00007ffa28d30000 - 0x00007ffa28d42000 	C:\Windows\System32\winrnr.dll
0x00007ffa434f0000 - 0x00007ffa43508000 	C:\Windows\SYSTEM32\CRYPTSP.dll
0x00007ffa42c80000 - 0x00007ffa42cb4000 	C:\Windows\system32\rsaenh.dll
0x00007ffa43b10000 - 0x00007ffa43b3e000 	C:\Windows\SYSTEM32\USERENV.dll
0x00007ffa43510000 - 0x00007ffa4351c000 	C:\Windows\SYSTEM32\CRYPTBASE.dll
0x00007ffa340b0000 - 0x00007ffa340c7000 	C:\Windows\SYSTEM32\dhcpcsvc6.DLL
0x00007ffa34660000 - 0x00007ffa3467d000 	C:\Windows\SYSTEM32\dhcpcsvc.DLL
0x00007ffa29f70000 - 0x00007ffa29f7e000 	C:\Program Files\Java\jdk-18.0.1.1\bin\sunmscapi.dll
0x00007ffa43cb0000 - 0x00007ffa43e06000 	C:\Windows\System32\CRYPT32.dll
0x00007ffa43670000 - 0x00007ffa43697000 	C:\Windows\SYSTEM32\ncrypt.dll
0x00007ffa43630000 - 0x00007ffa4366b000 	C:\Windows\SYSTEM32\NTASN1.dll

dbghelp: loaded successfully - version: 4.0.5 - missing functions: none
symbol engine: initialized successfully - sym options: 0x614 - pdb path: .;C:\Program Files\Java\jdk-18.0.1.1\bin;C:\Windows\SYSTEM32;C:\Windows\WinSxS\amd64_microsoft.windows.common-controls_6595b64144ccf1df_6.0.19041.1110_none_60b5254171f9507e;C:\Program Files\Java\jdk-18.0.1.1\bin\server

VM Arguments:
jvm_args: -XX:+ShowCodeDetailsInExceptionMessages -agentlib:jdwp=transport=dt_socket,suspend=y,address=localhost:53193 -javaagent:C:\Users\SHIVARAJ\eclipse-jee-2022-06-R-win32-x86_64\eclipse\configuration\org.eclipse.osgi\407\0\.cp\lib\javaagent-shaded.jar -Dfile.encoding=UTF-8 
java_command: com.libFirstApi.Lib.LibApplication
java_class_path (initial): D:\Lib\Lib\target\classes;C:\Users\SHIVARAJ\.m2\repository\org\hibernate\validator\hibernate-validator\6.2.0.Final\hibernate-validator-6.2.0.Final.jar;C:\Users\SHIVARAJ\.m2\repository\jakarta\persistence\jakarta.persistence-api\2.2.3\jakarta.persistence-api-2.2.3.jar;C:\Users\SHIVARAJ\.m2\repository\org\hibernate\hibernate-core\5.6.10.Final\hibernate-core-5.6.10.Final.jar;C:\Users\SHIVARAJ\.m2\repository\org\assertj\assertj-core\3.19.0\assertj-core-3.19.0.jar;C:\Users\SHIVARAJ\.m2\repository\jakarta\validation\jakarta.validation-api\2.0.2\jakarta.validation-api-2.0.2.jar;C:\Users\SHIVARAJ\.m2\repository\org\springframework\boot\spring-boot-starter-data-jpa\2.7.2\spring-boot-starter-data-jpa-2.7.2.jar;C:\Users\SHIVARAJ\.m2\repository\org\springframework\boot\spring-boot-starter-aop\2.7.2\spring-boot-starter-aop-2.7.2.jar;C:\Users\SHIVARAJ\.m2\repository\org\springframework\spring-aop\5.3.22\spring-aop-5.3.22.jar;C:\Users\SHIVARAJ\.m2\repository\org\aspectj\aspectjweaver\1.9.7\aspectjweaver-1.9.7.jar;C:\Users\SHIVARAJ\.m2\repository\org\springframework\boot\spring-boot-starter-jdbc\2.7.2\spring-boot-starter-jdbc-2.7.2.jar;C:\Users\SHIVARAJ\.m2\repository\com\zaxxer\HikariCP\4.0.3\HikariCP-4.0.3.jar;C:\Users\SHIVARAJ\.m2\repository\org\springframework\spring-jdbc\5.3.22\spring-jdbc-5.3.22.jar;C:\Users\SHIVARAJ\.m2\repository\jakarta\transaction\jakarta.transaction-api\1.3.3\jakarta.transaction-api-1.3.3.jar;C:\Users\SHIVARAJ\.m2\repository\org\jboss\logging\jboss-logging\3.4.3.Final\jboss-logging-3.4.3.Final.jar;C:\Users\SHIVARAJ\.m2\repository\net\bytebuddy\byte-buddy\1.12.12\byte-buddy-1.12.12.jar;C:\Users\SHIVARAJ\.m2\repository\antlr\antlr\2.7.7\antlr-2.7.7.jar;C:\Users\SHIVARAJ\.m2\repository\org\jboss\jandex\2.4.2.Final\jandex-2.4.2.Final.jar;C:\Users\SHIVARAJ\.m2\repository\com\fasterxml\classmate\1.5.1\classmate-1.5.1.jar;C:\Users\SHIVARAJ\.m2\repository\org\hibernate\common\hibernate-commons-annotations\5.1.2.Final\hibernate-commons-annotations-5.1.2.Final.jar;C:\Users\SHIVARAJ\.m2\repository\org\glassfish\jaxb\jaxb-runtime\2.3.6\jaxb-runtime-2.3.6.jar;C:\Users\SHIVARAJ\.m2\repository\org\glassfish\jaxb\txw2\2.3.6\txw2-2.3.6.jar;C:\Users\SHIVARAJ\.m2\repository\com\sun\istack\istack-commons-runtime\3.0.12\istack-commons-runtime-3.0.12.jar;C:\Users\SHIVARAJ\.m2\repository\com\sun\activation\jakarta.activation\1.2.2\jakarta.activation-1.2.2.jar;C:\Users\SHIVARAJ\.m2\repository\org\springframework\data\spring-data-jpa\2.7.2\spring-data-jpa-2.7.2.jar;C:\Users\SHIVARAJ\.m2\repository\org\springframework\data\spring-data-commons\2.7.2\spring-data-commons-2.7.2.jar;C:\Users\SHIVARAJ\.m2\repository\org\springframework\spring-orm\5.3.22\spring-orm-5.3.22.jar;C:\Users\SHIVARAJ\.m2\repository\org\springframework\spring-context\5.3.22\spring-context-5.3.22.jar;C:\Users\SHIVARAJ\.m2\repository\org\springframework\spring-tx\5.3.22\spring-tx-5.3.22.jar;C:\Users\SHIVARAJ\.m2\repository\org\springframework\spring-beans\5.3.22\spring-beans-5.3.22.jar;C:\Users\SHIVARAJ\.m2\repository\org\slf4j\slf4j-api\1.7.36\slf4j-api-1.7.36.jar;C:\Users\SHIVARAJ\.m2\repository\org\springframework\spring-aspects\5.3.22\spring-aspects-5.3.22.jar;C:\Users\SHIVARAJ\.m2\repository\org\springframework\boot\spring-boot-starter-web\2.7.2\spring-boot-starter-web-2.7.2.jar;C:\Users\SHIVARAJ\.m2\repository\org\springframework\boot\spring-boot-starter\2.7.2\spring-boot-starter-2.7.2.jar;C:\Users\SHIVARAJ\.m2\repository\org\springframework\boot\spring-boot-starter-logging\2.7.2\spring-boot-starter-logging-2.7.2.jar;C:\Users\SHIVARAJ\.m2\repository\ch\qos\logback\logback-classic\1.2.11\logback-classic-1.2.11.jar;C:\Users\SHIVARAJ\.m2\repository\ch\qos\logback\logback-core\1.2.11\logback-core-1.2.11.jar;C:\Users\SHIVARAJ\.m2\repository\org\apache\logging\log4j\log4j-to-slf4j\2.17.2\log4j-to-slf4j-2.17.2.jar;C:\Users\SHIVARAJ\.m2\repository\org\apache\logging\log4j\log4j-api\2.17.2\log4j-api-2.17.2.jar;C:\Users\SHIVARAJ\.m2\repository\org\slf4j\jul-to-slf4j\1.7.36\jul-to-slf4j-1.7.36.jar;C:\Users\SHIVARAJ\.m2\repository\jakarta\annotation\jakarta.annotation-api\1.3.5\jakarta.annotation-api-1.3.5.jar;C:\Users\SHIVARAJ\.m2\repository\org\yaml\snakeyaml\1.30\snakeyaml-1.30.jar;C:\Users\SHIVARAJ\.m2\repository\org\springframework\boot\spring-boot-starter-json\2.7.2\spring-boot-starter-json-2.7.2.jar;C:\Users\SHIVARAJ\.m2\repository\com\fasterxml\jackson\datatype\jackson-datatype-jdk8\2.13.3\jackson-datatype-jdk8-2.13.3.jar;C:\Users\SHIVARAJ\.m2\repository\com\fasterxml\jackson\datatype\jackson-datatype-jsr310\2.13.3\jackson-datatype-jsr310-2.13.3.jar;C:\Users\SHIVARAJ\.m2\repository\com\fasterxml\jackson\module\jackson-module-parameter-names\2.13.3\jackson-module-parameter-names-2.13.3.jar;C:\Users\SHIVARAJ\.m2\repository\org\springframework\boot\spring-boot-starter-tomcat\2.7.2\spring-boot-starter-tomcat-2.7.2.jar;C:\Users\SHIVARAJ\.m2\repository\org\apache\tomcat\embed\tomcat-embed-core\9.0.65\tomcat-embed-core-9.0.65.jar;C:\Users\SHIVARAJ\.m2\repository\org\apache\tomcat\embed\tomcat-embed-el\9.0.65\tomcat-embed-el-9.0.65.jar;C:\Users\SHIVARAJ\.m2\repository\org\apache\tomcat\embed\tomcat-embed-websocket\9.0.65\tomcat-embed-websocket-9.0.65.jar;C:\Users\SHIVARAJ\.m2\repository\org\springframework\spring-web\5.3.22\spring-web-5.3.22.jar;C:\Users\SHIVARAJ\.m2\repository\org\springframework\spring-webmvc\5.3.22\spring-webmvc-5.3.22.jar;C:\Users\SHIVARAJ\.m2\repository\org\springframework\spring-expression\5.3.22\spring-expression-5.3.22.jar;C:\Users\SHIVARAJ\.m2\repository\io\jsonwebtoken\jjwt\0.9.1\jjwt-0.9.1.jar;C:\Users\SHIVARAJ\.m2\repository\com\fasterxml\jackson\core\jackson-databind\2.13.3\jackson-databind-2.13.3.jar;C:\Users\SHIVARAJ\.m2\repository\com\fasterxml\jackson\core\jackson-annotations\2.13.3\jackson-annotations-2.13.3.jar;C:\Users\SHIVARAJ\.m2\repository\com\fasterxml\jackson\core\jackson-core\2.13.3\jackson-core-2.13.3.jar;C:\Users\SHIVARAJ\.m2\repository\org\springframework\boot\spring-boot-devtools\2.7.2\spring-boot-devtools-2.7.2.jar;C:\Users\SHIVARAJ\.m2\repository\org\springframework\boot\spring-boot\2.7.2\spring-boot-2.7.2.jar;C:\Users\SHIVARAJ\.m2\repository\org\springframework\boot\spring-boot-autoconfigure\2.7.2\spring-boot-autoconfigure-2.7.2.jar;C:\Users\SHIVARAJ\.m2\repository\org\projectlombok\lombok\1.18.24\lombok-1.18.24.jar;C:\Users\SHIVARAJ\.m2\repository\com\h2database\h2\1.4.193\h2-1.4.193.jar;C:\Users\SHIVARAJ\.m2\repository\mysql\mysql-connector-java\8.0.29\mysql-connector-java-8.0.29.jar;C:\Users\SHIVARAJ\.m2\repository\jakarta\xml\bind\jakarta.xml.bind-api\2.3.3\jakarta.xml.bind-api-2.3.3.jar;C:\Users\SHIVARAJ\.m2\repository\jakarta\activation\jakarta.activation-api\1.2.2\jakarta.activation-api-1.2.2.jar;C:\Users\SHIVARAJ\.m2\repository\org\springframework\spring-core\5.3.22\spring-core-5.3.22.jar;C:\Users\SHIVARAJ\.m2\repository\org\springframework\spring-jcl\5.3.22\spring-jcl-5.3.22.jar
Launcher Type: SUN_STANDARD

[Global flags]
     intx CICompilerCount                          = 3                                         {product} {ergonomic}
     uint ConcGCThreads                            = 1                                         {product} {ergonomic}
     uint G1ConcRefinementThreads                  = 4                                         {product} {ergonomic}
   size_t G1HeapRegionSize                         = 1048576                                   {product} {ergonomic}
    uintx GCDrainStackTargetSize                   = 64                                        {product} {ergonomic}
   size_t InitialHeapSize                          = 132120576                                 {product} {ergonomic}
   size_t MarkStackSize                            = 4194304                                   {product} {ergonomic}
   size_t MaxHeapSize                              = 2113929216                                {product} {ergonomic}
   size_t MaxNewSize                               = 1267728384                                {product} {ergonomic}
   size_t MinHeapDeltaBytes                        = 1048576                                   {product} {ergonomic}
   size_t MinHeapSize                              = 8388608                                   {product} {ergonomic}
    uintx NonNMethodCodeHeapSize                   = 5832780                                {pd product} {ergonomic}
    uintx NonProfiledCodeHeapSize                  = 122912730                              {pd product} {ergonomic}
    uintx ProfiledCodeHeapSize                     = 122912730                              {pd product} {ergonomic}
    uintx ReservedCodeCacheSize                    = 251658240                              {pd product} {ergonomic}
     bool SegmentedCodeCache                       = true                                      {product} {ergonomic}
     bool ShowCodeDetailsInExceptionMessages       = true                                   {manageable} {command line}
   size_t SoftMaxHeapSize                          = 2113929216                             {manageable} {ergonomic}
     bool UseCompressedClassPointers               = true                           {product lp64_product} {ergonomic}
     bool UseCompressedOops                        = true                           {product lp64_product} {ergonomic}
     bool UseG1GC                                  = true                                      {product} {ergonomic}
     bool UseLargePagesIndividualAllocation        = false                                  {pd product} {ergonomic}

Logging:
Log output configuration:
 #0: stdout all=warning uptime,level,tags foldmultilines=false
 #1: stderr all=off uptime,level,tags foldmultilines=false

Environment Variables:
PATH=C:/Users/SHIVARAJ/eclipse-jee-2022-06-R-win32-x86_64/eclipse//plugins/org.eclipse.justj.openjdk.hotspot.jre.full.win32.x86_64_17.0.3.v20220515-1416/jre/bin/server;C:/Users/SHIVARAJ/eclipse-jee-2022-06-R-win32-x86_64/eclipse//plugins/org.eclipse.justj.openjdk.hotspot.jre.full.win32.x86_64_17.0.3.v20220515-1416/jre/bin;C:\Program Files\Common Files\Oracle\Java\javapath;C:\Windows\system32;C:\Windows;C:\Windows\System32\Wbem;C:\Windows\System32\WindowsPowerShell\v1.0\;C:\Windows\System32\OpenSSH\;C:\Program Files\MySQL\MySQL Shell 8.0\bin\;C:\Users\SHIVARAJ\AppData\Local\Microsoft\WindowsApps;;C:\Users\SHIVARAJ\eclipse-jee-2022-06-R-win32-x86_64\eclipse;
USERNAME=SHIVARAJ
OS=Windows_NT
PROCESSOR_IDENTIFIER=Intel64 Family 6 Model 78 Stepping 3, GenuineIntel



---------------  S Y S T E M  ---------------

OS:
 Windows 10 , 64 bit Build 19041 (10.0.19041.1889)
OS uptime: 6 days 17:32 hours

CPU: total 4 (initial active 4) (2 cores per cpu, 2 threads per core) family 6 model 78 stepping 3 microcode 0xcc, cx8, cmov, fxsr, ht, mmx, 3dnowpref, sse, sse2, sse3, ssse3, sse4.1, sse4.2, popcnt, lzcnt, tsc, tscinvbit, avx, avx2, aes, erms, clmul, bmi1, bmi2, adx, fma, vzeroupper, clflush, clflushopt

Memory: 4k page, system-wide physical 8057M (1659M free)
TotalPageFile size 10873M (AvailPageFile size 2028M)
current process WorkingSet (physical memory assigned to process): 243M, peak: 284M
current process commit charge ("private bytes"): 271M, peak: 313M

vm_info: Java HotSpot(TM) 64-Bit Server VM (18.0.1.1+2-6) for windows-amd64 JRE (18.0.1.1+2-6), built on Apr 25 2022 21:53:15 by "mach5one" with MS VC++ 16.8 / 16.9 (VS2019)

END.
